<?xml version="1.0" encoding="UTF-8"?>
<testExecutions version="1">
  <file path="/Users/fjose/projectsBSI/ESII/quarendemia-back-end/src/modules/measures/services/ListMeasuresService.spec.ts">
    <testCase name="ListMeasure should be able to list all measures" duration="12"/>
    <testCase name="ListMeasure should only list measures of selected client" duration="1"/>
  </file>
  <file path="/Users/fjose/projectsBSI/ESII/quarendemia-back-end/src/modules/users/services/UpdateUserService.spec.ts">
    <testCase name="UpdateUser should be able to update a user" duration="29"/>
    <testCase name="UpdateUser should be able to update the password" duration="1"/>
    <testCase name="UpdateUser should be able to disable a admin if have suficient admins" duration="1"/>
    <testCase name="UpdateUser should not be able to update a non-existing user" duration="2"/>
    <testCase name="UpdateUser should not be able to change a user email if new email already exists" duration="1"/>
    <testCase name="UpdateUser should not be able to disable a admin if dont have suficient admins" duration="2"/>
  </file>
  <file path="/Users/fjose/projectsBSI/ESII/quarendemia-back-end/src/modules/users/services/UpdateManagerProfileService.spec.ts">
    <testCase name="UpdateManagerProfile should be able to update user profile" duration="24"/>
    <testCase name="UpdateManagerProfile should not be able to update profile from non-existing user" duration="1"/>
    <testCase name="UpdateManagerProfile should not be able to change user email if new email already exists" duration="1"/>
    <testCase name="UpdateManagerProfile should be able to update the password" duration="20"/>
    <testCase name="UpdateManagerProfile should not be able to update the password without old password" duration="0"/>
    <testCase name="UpdateManagerProfile should not be able to update the password with wrong old password" duration="1"/>
  </file>
  <file path="/Users/fjose/projectsBSI/ESII/quarendemia-back-end/src/modules/plans/services/ListPlansService.spec.ts">
    <testCase name="ListPlan should be able to list all plans" duration="22"/>
    <testCase name="ListPlan should only list plans of selected user" duration="1"/>
  </file>
  <file path="/Users/fjose/projectsBSI/ESII/quarendemia-back-end/src/modules/measures/services/DeleteMeasureService.spec.ts">
    <testCase name="DeleteMeasure should be able to delete a existing measure" duration="5"/>
    <testCase name="DeleteMeasure should not be able to delete a non-existing measure" duration="2"/>
  </file>
  <file path="/Users/fjose/projectsBSI/ESII/quarendemia-back-end/src/modules/users/services/ResetPasswordService.spec.ts">
    <testCase name="ResetForgotPassword should be able to reset the password" duration="23"/>
    <testCase name="ResetForgotPassword should not be able to reset the password with non-existing token" duration="1"/>
    <testCase name="ResetForgotPassword should not be able to reset the password with non-existing user" duration="1"/>
    <testCase name="ResetForgotPassword should not be able to reset the password if passed more then two hours" duration="3"/>
  </file>
  <file path="/Users/fjose/projectsBSI/ESII/quarendemia-back-end/src/modules/clients/services/DeleteClientService.spec.ts">
    <testCase name="DeleteClient should be able to delete a existing client" duration="6"/>
    <testCase name="DeleteClient should not be able to delete a non-existing client" duration="1"/>
  </file>
  <file path="/Users/fjose/projectsBSI/ESII/quarendemia-back-end/src/modules/measures/services/ShowMeasureService.spec.ts">
    <testCase name="ShowMeasure should be able to show measure" duration="6"/>
    <testCase name="ShowMeasure should not be able to show measure from non-existing measure" duration="1"/>
  </file>
  <file path="/Users/fjose/projectsBSI/ESII/quarendemia-back-end/src/modules/users/services/AuthenticateUserService.spec.ts">
    <testCase name="AuthenticateUser should be able to authenticate" duration="9"/>
    <testCase name="AuthenticateUser should not be able to authenticate with non existing user" duration="2"/>
    <testCase name="AuthenticateUser should not be able to authenticate with wrong password" duration="0"/>
    <testCase name="AuthenticateUser should not be able to authenticate if user blocked" duration="1"/>
  </file>
  <file path="/Users/fjose/projectsBSI/ESII/quarendemia-back-end/src/modules/users/services/ShowUserService.spec.ts">
    <testCase name="ShowUser should be able to show user" duration="6"/>
    <testCase name="ShowUser should not be able to show user from non-existing user" duration="1"/>
  </file>
  <file path="/Users/fjose/projectsBSI/ESII/quarendemia-back-end/src/modules/clients/services/ShowClientService.spec.ts">
    <testCase name="ShowClient should be able to show client" duration="29"/>
    <testCase name="ShowClient should not be able to show client from non-existing client" duration="1"/>
  </file>
  <file path="/Users/fjose/projectsBSI/ESII/quarendemia-back-end/src/modules/users/services/ShowManagerProfileService.spec.ts">
    <testCase name="ShowManagerProfile should be able to show manager profile" duration="6"/>
    <testCase name="ShowManagerProfile should not be able to show manager profile from non-existing user" duration="1"/>
  </file>
  <file path="/Users/fjose/projectsBSI/ESII/quarendemia-back-end/src/modules/payment/services/ListPaymentsService.spec.ts">
    <testCase name="ListPayment should be able to list all payments" duration="11"/>
    <testCase name="ListPayment should only list payments of selected user" duration="1"/>
  </file>
  <file path="/Users/fjose/projectsBSI/ESII/quarendemia-back-end/src/modules/plans/services/DeletePlanService.spec.ts">
    <testCase name="DeletePlan should be able to delete a existing plan" duration="38"/>
    <testCase name="DeletePlan should not be able to delete a non-existing plan" duration="1"/>
  </file>
  <file path="/Users/fjose/projectsBSI/ESII/quarendemia-back-end/src/modules/plans/services/UpdatePlanService.spec.ts">
    <testCase name="UpdatePlan should be able to update a plan" duration="18"/>
    <testCase name="UpdatePlan should not be able to update a non-existing plan" duration="1"/>
  </file>
  <file path="/Users/fjose/projectsBSI/ESII/quarendemia-back-end/src/modules/clients/services/ListClientsService.spec.ts">
    <testCase name="ListClient should be able to list all clients" duration="15"/>
    <testCase name="ListClient should only list clients of selected user" duration="1"/>
  </file>
  <file path="/Users/fjose/projectsBSI/ESII/quarendemia-back-end/src/modules/users/services/SendForgotPasswordEmailService.spec.ts">
    <testCase name="SendForgotPasswordEmail should be able to recover password using email" duration="16"/>
    <testCase name="SendForgotPasswordEmail should not be able to recover a non-existing user" duration="2"/>
    <testCase name="SendForgotPasswordEmail should generate a forgot password token" duration="2"/>
  </file>
  <file path="/Users/fjose/projectsBSI/ESII/quarendemia-back-end/src/modules/users/services/CreateUserService.spec.ts">
    <testCase name="CreateUser should be able to create a new user" duration="15"/>
    <testCase name="CreateUser should not be able to create a new user with existing email" duration="2"/>
  </file>
  <file path="/Users/fjose/projectsBSI/ESII/quarendemia-back-end/src/modules/measures/services/UpdateMeasureService.spec.ts">
    <testCase name="UpdateMeasure should be able to update a measure" duration="11"/>
    <testCase name="UpdateMeasure should not be able to update a non-existing measure" duration="2"/>
  </file>
  <file path="/Users/fjose/projectsBSI/ESII/quarendemia-back-end/src/modules/clients/services/CreateClientService.spec.ts">
    <testCase name="CreateClient should be able to create a new client" duration="32"/>
    <testCase name="CreateClient should be able to create a new client with same email from another manager" duration="1"/>
    <testCase name="CreateClient should not be able to create a new client with existing email" duration="1"/>
  </file>
  <file path="/Users/fjose/projectsBSI/ESII/quarendemia-back-end/src/modules/payment/services/DeletePaymentService.spec.ts">
    <testCase name="DeletePayment should be able to delete a existing payment" duration="9"/>
    <testCase name="DeletePayment should not be able to delete a non-existing payment" duration="1"/>
  </file>
  <file path="/Users/fjose/projectsBSI/ESII/quarendemia-back-end/src/modules/users/services/DeleteUserService.spec.ts">
    <testCase name="DeleteUser should be able to delete a existing user" duration="8"/>
    <testCase name="DeleteUser should be able to delete a admin if have suficient admins" duration="1"/>
    <testCase name="DeleteUser should not be able to delete a non-existing user" duration="2"/>
    <testCase name="DeleteUser should not be able to delete a admin if do not have suficient admins" duration="3"/>
  </file>
  <file path="/Users/fjose/projectsBSI/ESII/quarendemia-back-end/src/modules/plans/services/ShowPlanService.spec.ts">
    <testCase name="ShowPlan should be able to show plan" duration="135"/>
    <testCase name="ShowPlan should not be able to show plan from non-existing plan" duration="1"/>
  </file>
  <file path="/Users/fjose/projectsBSI/ESII/quarendemia-back-end/src/modules/payment/services/GetTotalPaymentService.spec.ts">
    <testCase name="GetTotalPayment should be able to get total of month payment" duration="16"/>
  </file>
  <file path="/Users/fjose/projectsBSI/ESII/quarendemia-back-end/src/modules/users/services/SignUpManagerService.spec.ts">
    <testCase name="SignUpManager should be able to sign up" duration="6"/>
    <testCase name="SignUpManager should not be able to sign up with existing email" duration="3"/>
  </file>
  <file path="/Users/fjose/projectsBSI/ESII/quarendemia-back-end/src/modules/users/services/ListUsersService.spec.ts">
    <testCase name="ListUser should be able to list all users" duration="16"/>
  </file>
  <file path="C:\Users\Rubens\Desktop\dev-projects\NodeJS\quarendemia-back-end\src\modules\users\services\SignUpManagerService.spec.ts">
    <testCase name="SignUpManager should be able to sign up" duration="4"/>
    <testCase name="SignUpManager should not be able to sign up with existing email" duration="1"/>
  </file>
  <file path="/Users/fjose/projectsBSI/ESII/quarendemia-back-end/src/modules/measures/services/CreateMeasureService.spec.ts">
    <testCase name="CreateMeasure should be able to create a new measure" duration="5"/>
  </file>
</testExecutions>
